\BOOKMARK [0][]{cover.0}{\376\377\000C\000o\000v\000e\000r}{}% 1
\BOOKMARK [0][]{titulo.0}{\376\377\000F\000a\000c\000e\000\040\000P\000a\000g\000e}{}% 2
\BOOKMARK [0][]{cip.0}{\376\377\000C\000a\000t\000a\000l\000o\000g\000i\000n\000g\000-\000i\000n\000-\000P\000u\000b\000l\000i\000c\000a\000t\000i\000o\000n}{}% 3
\BOOKMARK [0][]{aprovacao.0}{\376\377\000T\000h\000e\000s\000i\000s\000\040\000C\000o\000m\000m\000i\000t\000t\000e\000e\000\040\000C\000o\000m\000p\000o\000s\000i\000t\000i\000o\000n\000:}{}% 4
\BOOKMARK [0][]{dedication.0}{\376\377\000D\000e\000d\000i\000c\000a\000t\000i\000o\000n}{}% 5
\BOOKMARK [0][]{acknowledgment.0}{\376\377\000A\000c\000k\000n\000o\000w\000l\000e\000d\000g\000m\000e\000n\000t\000s}{}% 6
\BOOKMARK [0][]{epigrafe.0}{\376\377\000E\000p\000i\000g\000r\000a\000p\000h}{}% 7
\BOOKMARK [0][]{resumo.0}{\376\377\000R\000e\000s\000u\000m\000o}{}% 8
\BOOKMARK [0][]{abstract.0}{\376\377\000A\000b\000s\000t\000r\000a\000c\000t}{}% 9
\BOOKMARK [0][]{listafiguras.0}{\376\377\000L\000i\000s\000t\000\040\000o\000f\000\040\000F\000i\000g\000u\000r\000e\000s}{}% 10
\BOOKMARK [0][]{listatabelas.0}{\376\377\000L\000i\000s\000t\000\040\000o\000f\000\040\000T\000a\000b\000l\000e\000s}{}% 11
\BOOKMARK [0][]{contents.0}{\376\377\000C\000o\000n\000t\000e\000n\000t\000s}{}% 12
\BOOKMARK [0][]{chapter.1}{\376\377\0001\000\040\000I\000n\000t\000r\000o\000d\000u\000c\000t\000i\000o\000n}{}% 13
\BOOKMARK [1][]{section.1.1}{\376\377\0001\000.\0001\000\040\000O\000r\000g\000a\000n\000i\000s\000a\000t\000i\000o\000n}{chapter.1}% 14
\BOOKMARK [1][]{section.1.2}{\376\377\0001\000.\0002\000\040\000M\000o\000t\000i\000v\000a\000t\000i\000o\000n}{chapter.1}% 15
\BOOKMARK [1][]{section.1.3}{\376\377\0001\000.\0003\000\040\000O\000b\000j\000e\000c\000t\000i\000v\000e\000s}{chapter.1}% 16
\BOOKMARK [0][]{chapter.2}{\376\377\0002\000\040\000L\000i\000t\000e\000r\000a\000t\000u\000r\000e\000\040\000R\000e\000v\000i\000e\000w}{}% 17
\BOOKMARK [1][]{section.2.1}{\376\377\0002\000.\0001\000\040\000A\000u\000g\000m\000e\000n\000t\000e\000d\000\040\000a\000n\000d\000\040\000V\000i\000r\000t\000u\000a\000l\000\040\000R\000e\000a\000l\000i\000t\000y\000\040\000i\000n\000\040\000I\000m\000m\000e\000r\000s\000i\000v\000e\000\040\000E\000d\000u\000c\000a\000t\000i\000o\000n\000a\000l\000\040\000S\000i\000m\000u\000l\000a\000t\000i\000o\000n\000\040\000S\000y\000s\000t\000e\000m\000s}{chapter.2}% 18
\BOOKMARK [2][]{subsection.2.1.1}{\376\377\0002\000.\0001\000.\0001\000\040\000H\000a\000r\000d\000w\000a\000r\000e\000\040\000E\000v\000o\000l\000u\000t\000i\000o\000n\000:}{section.2.1}% 19
\BOOKMARK [2][]{subsection.2.1.2}{\376\377\0002\000.\0001\000.\0002\000\040\000S\000o\000f\000t\000w\000a\000r\000e\000\040\000E\000c\000o\000s\000y\000s\000t\000e\000m\000s\000\040\000a\000n\000d\000\040\000F\000r\000a\000m\000e\000w\000o\000r\000k\000s\000:}{section.2.1}% 20
\BOOKMARK [2][]{subsection.2.1.3}{\376\377\0002\000.\0001\000.\0003\000\040\000U\000s\000e\000\040\000C\000a\000s\000e\000s\000\040\000i\000n\000\040\000E\000d\000u\000c\000a\000t\000i\000o\000n\000:}{section.2.1}% 21
\BOOKMARK [2][]{subsection.2.1.4}{\376\377\0002\000.\0001\000.\0004\000\040\000E\000m\000b\000o\000d\000i\000m\000e\000n\000t\000,\000\040\000I\000n\000t\000e\000r\000a\000c\000t\000i\000o\000n\000,\000\040\000a\000n\000d\000\040\000S\000p\000a\000t\000i\000a\000l\000\040\000C\000o\000g\000n\000i\000t\000i\000o\000n\000:}{section.2.1}% 22
\BOOKMARK [1][]{section.2.2}{\376\377\0002\000.\0002\000\040\000G\000e\000n\000e\000r\000a\000t\000i\000v\000e\000\040\000A\000g\000e\000n\000t\000s}{chapter.2}% 23
\BOOKMARK [1][]{section.2.3}{\376\377\0002\000.\0003\000\040\000O\000r\000b\000i\000t\000a\000l\000\040\000M\000e\000c\000h\000a\000n\000i\000c\000s\000:\000\040\000T\000h\000e\000\040\000P\000h\000y\000s\000i\000c\000s\000\040\000o\000f\000\040\000C\000e\000l\000e\000s\000t\000i\000a\000l\000\040\000M\000o\000t\000i\000o\000n}{chapter.2}% 24
\BOOKMARK [2][]{subsection.2.3.1}{\376\377\0002\000.\0003\000.\0001\000\040\000T\000h\000e\000\040\000F\000u\000n\000d\000a\000m\000e\000n\000t\000a\000l\000\040\000L\000a\000w\000:\000\040\000G\000r\000a\000v\000i\000t\000y\000\040\000a\000n\000d\000\040\000t\000h\000e\000\040\000T\000w\000o\000-\000B\000o\000d\000y\000\040\000P\000r\000o\000b\000l\000e\000m}{section.2.3}% 25
\BOOKMARK [2][]{subsection.2.3.2}{\376\377\0002\000.\0003\000.\0002\000\040\000T\000h\000e\000\040\000L\000a\000n\000g\000u\000a\000g\000e\000\040\000o\000f\000\040\000O\000r\000b\000i\000t\000s\000:\000\040\000T\000h\000e\000\040\000C\000l\000a\000s\000s\000i\000c\000a\000l\000\040\000O\000r\000b\000i\000t\000a\000l\000\040\000E\000l\000e\000m\000e\000n\000t\000s}{section.2.3}% 26
\BOOKMARK [2][]{subsection.2.3.3}{\376\377\0002\000.\0003\000.\0003\000\040\000C\000h\000a\000n\000g\000i\000n\000g\000\040\000O\000r\000b\000i\000t\000s\000:\000\040\000I\000m\000p\000u\000l\000s\000i\000v\000e\000\040\000M\000a\000n\000e\000u\000v\000e\000r\000s\000\040\000a\000n\000d\000\040\000D\000e\000l\000t\000a\000-\000V}{section.2.3}% 27
\BOOKMARK [2][]{subsection.2.3.4}{\376\377\0002\000.\0003\000.\0004\000\040\000T\000h\000e\000\040\000I\000n\000i\000t\000i\000a\000l\000\040\000S\000t\000e\000p\000:\000\040\000F\000r\000o\000m\000\040\000S\000u\000r\000f\000a\000c\000e\000\040\000t\000o\000\040\000O\000r\000b\000i\000t}{section.2.3}% 28
\BOOKMARK [0][]{chapter.3}{\376\377\0003\000\040\000M\000e\000t\000h\000o\000d\000o\000l\000o\000g\000y}{}% 29
\BOOKMARK [1][]{section.3.1}{\376\377\0003\000.\0001\000\040\000D\000e\000s\000i\000g\000n\000\040\000P\000h\000i\000l\000o\000s\000o\000p\000h\000y\000\040\000a\000n\000d\000\040\000A\000p\000p\000r\000o\000a\000c\000h}{chapter.3}% 30
\BOOKMARK [1][]{section.3.2}{\376\377\0003\000.\0002\000\040\000S\000y\000s\000t\000e\000m\000\040\000A\000r\000c\000h\000i\000t\000e\000c\000t\000u\000r\000e\000\040\000a\000n\000d\000\040\000D\000a\000t\000a\000\040\000F\000l\000o\000w}{chapter.3}% 31
\BOOKMARK [1][]{section.3.3}{\376\377\0003\000.\0003\000\040\000C\000o\000r\000e\000\040\000C\000o\000m\000p\000o\000n\000e\000n\000t\000\040\000I\000m\000p\000l\000e\000m\000e\000n\000t\000a\000t\000i\000o\000n}{chapter.3}% 32
\BOOKMARK [2][]{subsection.3.3.1}{\376\377\0003\000.\0003\000.\0001\000\040\000T\000h\000e\000\040\000G\000e\000n\000e\000r\000a\000t\000i\000v\000e\000\040\000A\000g\000e\000n\000t\000\040\000\050\000T\000h\000e\000\040\000"\000B\000r\000a\000i\000n\000"\000\051}{section.3.3}% 33
\BOOKMARK [2][]{subsection.3.3.2}{\376\377\0003\000.\0003\000.\0002\000\040\000T\000h\000e\000\040\000S\000i\000m\000u\000l\000a\000t\000i\000o\000n\000\040\000a\000n\000d\000\040\000A\000R\000\040\000V\000i\000s\000u\000a\000l\000i\000s\000a\000t\000i\000o\000n\000\040\000\050\000T\000h\000e\000\040\000"\000W\000o\000r\000l\000d\000"\000\051}{section.3.3}% 34
\BOOKMARK [2][]{subsection.3.3.3}{\376\377\0003\000.\0003\000.\0003\000\040\000T\000h\000e\000\040\000E\000m\000b\000o\000d\000i\000e\000d\000\040\000I\000n\000t\000e\000r\000f\000a\000c\000e\000\040\000\050\000T\000h\000e\000\040\000"\000B\000o\000d\000y\000"\000\051}{section.3.3}% 35
\BOOKMARK [1][]{section.3.4}{\376\377\0003\000.\0004\000\040\000D\000e\000v\000e\000l\000o\000p\000m\000e\000n\000t\000\040\000a\000n\000d\000\040\000V\000e\000r\000s\000i\000o\000n\000\040\000C\000o\000n\000t\000r\000o\000l}{chapter.3}% 36
\BOOKMARK [1][]{section.3.5}{\376\377\0003\000.\0005\000\040\000E\000v\000a\000l\000u\000a\000t\000i\000o\000n\000\040\000P\000l\000a\000n}{chapter.3}% 37
\BOOKMARK [2][]{subsection.3.5.1}{\376\377\0003\000.\0005\000.\0001\000\040\000T\000e\000c\000h\000n\000i\000c\000a\000l\000\040\000V\000a\000l\000i\000d\000a\000t\000i\000o\000n}{section.3.5}% 38
\BOOKMARK [2][]{subsection.3.5.2}{\376\377\0003\000.\0005\000.\0002\000\040\000E\000d\000u\000c\000a\000t\000i\000o\000n\000a\000l\000\040\000P\000o\000t\000e\000n\000t\000i\000a\000l\000\040\000A\000s\000s\000e\000s\000s\000m\000e\000n\000t}{section.3.5}% 39
\BOOKMARK [1][]{section.3.6}{\376\377\0003\000.\0006\000\040\000C\000h\000r\000o\000n\000o\000g\000r\000a\000m}{chapter.3}% 40
\BOOKMARK [0][]{bla.0}{\376\377\000F\000o\000l\000h\000a\000\040\000d\000e\000\040\000R\000e\000g\000i\000s\000t\000r\000o\000\040\000d\000o\000\040\000D\000o\000c\000u\000m\000e\000n\000t\000o}{}% 41
